[23:42:27] [main/INFO]: Setting user: Player674
[23:42:27] [Client thread/INFO]: LWJGL Version: 2.9.1
[23:42:34] [Client thread/INFO]: Reloading ResourceManager: Default, FMLFileResourcePack:Forge Mod Loader, FMLFileResourcePack:Minecraft Forge, FMLFileResourcePack:SampleItemCore, FMLFileResourcePack:BlockSampleMod
[23:42:35] [Sound Library Loader/INFO]: Sound engine started
[23:42:36] [Client thread/INFO]: Created: 16x16 textures/blocks-atlas
[23:42:36] [Client thread/INFO]: Created: 16x16 textures/items-atlas
[23:42:36] [Client thread/INFO]: Reloading ResourceManager: Default, FMLFileResourcePack:Forge Mod Loader, FMLFileResourcePack:Minecraft Forge, FMLFileResourcePack:SampleItemCore, FMLFileResourcePack:BlockSampleMod
[23:42:36] [Client thread/INFO]: Created: 512x256 textures/blocks-atlas
[23:42:36] [Client thread/INFO]: Created: 256x256 textures/items-atlas
[23:42:37] [Sound Library Loader/INFO]: Sound engine started
[23:42:41] [Server thread/INFO]: Starting integrated minecraft server version 1.7.10
[23:42:41] [Server thread/INFO]: Generating keypair
[23:42:41] [Server thread/INFO]: Preparing start region for level 0
[23:42:42] [Server thread/INFO]: Changing view distance to 12, from 10
[23:42:42] [Server thread/INFO]: Player674[local:E:57cdba4f] logged in with entity id 352 at (-173.87219286081591, 68.0, 180.9213129757174)
[23:42:42] [Server thread/INFO]: Player674 joined the game
[23:43:15] [Server thread/INFO]: Player674 has just earned the achievement [Taking Inventory]
[23:43:15] [Client thread/INFO]: [CHAT] Player674 has just earned the achievement [Taking Inventory]
[23:43:16] [Client thread/INFO]: Stopping!
[23:43:16] [Server thread/INFO]: Stopping server
[23:43:16] [Server thread/INFO]: Saving players
[23:43:16] [Server thread/INFO]: Saving worlds
[23:43:16] [Server thread/INFO]: Saving chunks for level 'New World'/Overworld
[23:43:16] [Server thread/INFO]: Saving chunks for level 'New World'/Nether
[23:43:16] [Server thread/INFO]: Saving chunks for level 'New World'/The End
[23:43:16] [Client Shutdown Thread/INFO]: Stopping server
[23:43:16] [Client Shutdown Thread/INFO]: Saving players
